<?xml version="1.0" encoding="UTF-8"?>
<!-- Generated by org.testng.reporters.JUnitReportReporter -->
<testsuite skipped="0" hostname="ip-172-31-22-111" name="testcases.LoginTest" tests="3" failures="0" timestamp="2022-03-13T04:36:21 UTC" time="12.568" errors="0">
  <testcase name="LoginFailureTest" time="4.683" classname="testcases.LoginTest"/>
  <system-out/>
  <testcase name="LoginSuccessTest" time="2.986" classname="testcases.LoginTest"/>
  <system-out/>
  <testcase name="ExternalDataTest" time="4.899" classname="testcases.LoginTest"/>
  <system-out/>
</testsuite> <!-- testcases.LoginTest -->
