<?xml version="1.0" encoding="UTF-8"?>
<!-- Generated by org.testng.reporters.JUnitReportReporter -->
<testsuite skipped="0" hostname="ip-172-31-22-111" name="testcases.LoginTest" tests="3" failures="0" timestamp="2022-03-19T04:20:17 UTC" time="12.533" errors="0">
  <testcase name="LoginSuccessTest" time="4.030" classname="testcases.LoginTest"/>
  <system-out/>
  <testcase name="LoginFailureTest" time="5.203" classname="testcases.LoginTest"/>
  <system-out/>
  <testcase name="ExternalDataTest" time="3.300" classname="testcases.LoginTest"/>
  <system-out/>
</testsuite> <!-- testcases.LoginTest -->
